#
# There is insufficient memory for the Java Runtime Environment to continue.
# Native memory allocation (mmap) failed to map 65536 bytes. Error detail: Failed to commit metaspace.
# Possible reasons:
#   The system is out of physical RAM or swap space
#   This process is running with CompressedOops enabled, and the Java Heap may be blocking the growth of the native heap
# Possible solutions:
#   Reduce memory load on the system
#   Increase physical memory or swap space
#   Check if swap backing store is full
#   Decrease Java heap size (-Xmx/-Xms)
#   Decrease number of Java threads
#   Decrease Java thread stack sizes (-Xss)
#   Set larger code cache with -XX:ReservedCodeCacheSize=
#   JVM is running with Zero Based Compressed Oops mode in which the Java heap is
#     placed in the first 32GB address space. The Java Heap base address is the
#     maximum limit for the native heap growth. Please use -XX:HeapBaseMinAddress
#     to set the Java Heap base and to place the Java Heap above 32GB virtual address.
# This output file may be truncated or incomplete.
#
#  Out of Memory Error (virtualSpaceNode.cpp:113), pid=21880, tid=33072
#
# JRE version: OpenJDK Runtime Environment JBR-25.0.2+1-329.117-jcef (25.0.2+1) (build 25.0.2+1-b329.117)
# Java VM: OpenJDK 64-Bit Server VM JBR-25.0.2+1-329.117-jcef (25.0.2+1-b329.117, mixed mode, tiered, compressed oops, compressed class ptrs, g1 gc, windows-amd64)
# No core dump will be written. Minidumps are not enabled by default on client versions of Windows
#

---------------  S U M M A R Y ------------

Command Line: git4idea.http.GitAskPassApp Username for 'https://github.com': 

Host: AMD Ryzen 5 8645HS w/ Radeon 760M Graphics, 12 cores, 15G,  Windows 11 , 64 bit Build 26100 (10.0.26100.8246)
Time: Sun May 10 23:39:22 2026 GMT Daylight Time elapsed time: 0.181674 seconds (0d 0h 0m 0s)

---------------  T H R E A D  ---------------

Current thread (0x00000184fcf5f440):  JavaThread "main"             [_thread_in_vm, id=33072, stack(0x000000283bb00000,0x000000283bc00000) (1024K)]

Stack: [0x000000283bb00000,0x000000283bc00000]
Native frames: (J=compiled Java code, j=interpreted, Vv=VM code, C=native code)
V  [jvm.dll+0x7c0cc9]  (no source info available)
V  [jvm.dll+0x78a49d]  (no source info available)
V  [jvm.dll+0xa0e693]  (no source info available)
V  [jvm.dll+0xa10e8c]  (no source info available)
V  [jvm.dll+0xa11583]  (no source info available)
V  [jvm.dll+0x307b46]  (no source info available)
V  [jvm.dll+0xa0a7cf]  (no source info available)
V  [jvm.dll+0x7550a4]  (no source info available)
V  [jvm.dll+0x75510a]  (no source info available)
V  [jvm.dll+0x757a06]  (no source info available)
V  [jvm.dll+0x757787]  (no source info available)
V  [jvm.dll+0x2a40c2]  (no source info available)
V  [jvm.dll+0x755ace]  (no source info available)
V  [jvm.dll+0x2ea910]  (no source info available)
V  [jvm.dll+0x7620a6]  (no source info available)
V  [jvm.dll+0x292ac3]  (no source info available)
V  [jvm.dll+0x292f85]  (no source info available)
V  [jvm.dll+0x293928]  (no source info available)
V  [jvm.dll+0x2893f2]  (no source info available)
V  [jvm.dll+0x67fe9e]  (no source info available)
V  [jvm.dll+0x29bc9a]  (no source info available)
V  [jvm.dll+0x97c671]  (no source info available)
V  [jvm.dll+0x97d7aa]  (no source info available)
V  [jvm.dll+0x97dceb]  (no source info available)
V  [jvm.dll+0x97da36]  (no source info available)
V  [jvm.dll+0x2ee699]  (no source info available)
V  [jvm.dll+0x2ee8d6]  (no source info available)
V  [jvm.dll+0x6ab997]  (no source info available)
V  [jvm.dll+0x6aed46]  (no source info available)
V  [jvm.dll+0x484402]  (no source info available)
V  [jvm.dll+0x483aa9]  (no source info available)
C  0x000001848b889e91  (no source info available)

The last pc belongs to invokestatic (printed below).
Java frames: (J=compiled Java code, j=interpreted, Vv=VM code)
j  java.util.zip.ZipFile$Source.get(Ljava/io/File;ZLjava/util/zip/ZipCoder;)Ljava/util/zip/ZipFile$Source;+47 java.base@25.0.2
j  java.util.zip.ZipFile$CleanableResource.<init>(Ljava/util/zip/ZipFile;Ljava/util/zip/ZipCoder;Ljava/io/File;I)V+76 java.base@25.0.2
j  java.util.zip.ZipFile.<init>(Ljava/io/File;ILjava/nio/charset/Charset;)V+109 java.base@25.0.2
j  java.util.zip.ZipFile.<init>(Ljava/io/File;I)V+6 java.base@25.0.2
j  java.util.jar.JarFile.<init>(Ljava/io/File;ZILjava/lang/Runtime$Version;)V+3 java.base@25.0.2
j  jdk.internal.loader.URLClassPath$JarLoader.getJarFile(Ljava/net/URL;)Ljava/util/jar/JarFile;+56 java.base@25.0.2
j  jdk.internal.loader.URLClassPath$JarLoader.ensureOpen()V+50 java.base@25.0.2
j  jdk.internal.loader.URLClassPath$JarLoader.<init>(Ljava/net/URL;Ljava/net/URLStreamHandler;)V+43 java.base@25.0.2
j  jdk.internal.loader.URLClassPath.getLoader(Ljava/net/URL;)Ljdk/internal/loader/URLClassPath$Loader;+120 java.base@25.0.2
j  jdk.internal.loader.URLClassPath.getLoader(I)Ljdk/internal/loader/URLClassPath$Loader;+84 java.base@25.0.2
j  jdk.internal.loader.URLClassPath.getResource(Ljava/lang/String;)Ljdk/internal/loader/Resource;+40 java.base@25.0.2
j  jdk.internal.loader.BuiltinClassLoader.findClassOnClassPathOrNull(Ljava/lang/String;)Ljava/lang/Class;+23 java.base@25.0.2
j  jdk.internal.loader.BuiltinClassLoader.loadClassOrNull(Ljava/lang/String;Z)Ljava/lang/Class;+111 java.base@25.0.2
j  jdk.internal.loader.BuiltinClassLoader.loadClass(Ljava/lang/String;Z)Ljava/lang/Class;+3 java.base@25.0.2
j  java.lang.ClassLoader.loadClass(Ljava/lang/String;)Ljava/lang/Class;+3 java.base@25.0.2
v  ~StubRoutines::call_stub 0x000001848b8712ed
j  java.lang.Class.forName0(Ljava/lang/String;ZLjava/lang/ClassLoader;Ljava/lang/Class;)Ljava/lang/Class;+0 java.base@25.0.2
j  java.lang.Class.forName(Ljava/lang/String;ZLjava/lang/ClassLoader;)Ljava/lang/Class;+4 java.base@25.0.2
j  sun.launcher.LauncherHelper.loadMainClass(ILjava/lang/String;)Ljava/lang/Class;+130 java.base@25.0.2
j  sun.launcher.LauncherHelper.checkAndLoadMain(ZILjava/lang/String;)Ljava/lang/Class;+42 java.base@25.0.2
v  ~StubRoutines::call_stub 0x000001848b8712ed
Lock stack of current Java thread (top to bottom):
LockStack[1]: jdk.internal.loader.URLClassPath 
{0x000000071b066650} - klass: 'jdk/internal/loader/URLClassPath' - flags: 

 - ---- fields (total size 5 words):
 - private 'closed' 'Z' @12  false (0x00)
 - private final 'path' 'Ljava/util/ArrayList;' @16  a 'java/util/ArrayList'{0x000000071b0666c0} (0xe360ccd8)
 - private final 'unopenedUrls' 'Ljava/util/ArrayDeque;' @20  a 'java/util/ArrayDeque'{0x000000071b0681a0} (0xe360d034)
 - private final 'loaders' 'Ljava/util/ArrayList;' @24  a 'java/util/ArrayList'{0x000000071b066678} (0xe360cccf)
 - private final 'lmap' 'Ljava/util/HashMap;' @28  a 'java/util/HashMap'{0x000000071b066690} (0xe360ccd2)
 - private final 'jarHandler' 'Ljava/net/URLStreamHandler;' @32  a 'sun/net/www/protocol/jar/Handler'{0x000000071b0682f0} (0xe360d05e)
LockStack[0]: java.lang.Object 
{0x000000071b091a10} - klass: 'java/lang/Object' - flags: 

 - ---- fields (total size 2 words):

invokestatic  184 invokestatic  [0x000001848b889de0, 0x000001848b88a0a0]  704 bytes
[MachCode]
  0x000001848b889de0: 4883 ec08 | c5fa 1104 | 24eb 1f48 | 83ec 10c5 | fb11 0424 | eb14 4883 | ec10 4889 | 0424 48c7 
  0x000001848b889e00: 4424 0800 | 0000 00eb | 0150 488b | 4dd0 410f | b755 0148 | 8b49 386b | d218 488d | 4c11 080f 
  0x000001848b889e20: b659 1681 | fbb8 0000 | 000f 84bd | 0000 00bb | b800 0000 | e805 0000 | 00e9 9900 | 0000 488b 
  0x000001848b889e40: d348 8d44 | 2408 4c89 | 6dc0 498b | cfc5 f877 | 4989 af38 | 0400 0049 | 8987 2804 | 0000 4883 
  0x000001848b889e60: ec20 40f6 | c40f 0f84 | 1900 0000 | 4883 ec08 | 48b8 1039 | 5d66 fa7f | 0000 ffd0 | 4883 c408 
  0x000001848b889e80: e90c 0000 | 0048 b810 | 395d 66fa | 7f00 00ff | d048 83c4 | 2049 c787 | 2804 0000 | 0000 0000 
  0x000001848b889ea0: 49c7 8738 | 0400 0000 | 0000 0049 | c787 3004 | 0000 0000 | 0000 c5f8 | 7749 837f | 0800 0f84 
  0x000001848b889ec0: 0500 0000 | e917 73fe | ff4c 8b6d | c04c 8b75 | c84e 8d74 | f500 c348 | 8b4d d041 | 0fb7 5501 
  0x000001848b889ee0: 488b 4938 | 6bd2 1848 | 8d4c 1108 | 488b 1948 | 8b5b 0848 | 8b5b 0848 | 8b5b 1880 | bb68 0100 
  0x000001848b889f00: 0004 0f84 | 0d00 0000 | 4c3b bb70 | 0100 000f | 851a ffff | ff0f b651 | 1548 8b19 | 4c89 6dc0 
  0x000001848b889f20: 448b ea0f | b651 1449 | bae0 20fb | 66fa 7f00 | 0049 8b14 | d252 418b | d54c 8b6d | c048 8b45 
  0x000001848b889f40: d848 85c0 | 0f84 0d00 | 0000 4883 | 4008 0148 | 83c0 1048 | 8945 d848 | 8b45 d848 | 85c0 0f84 
  0x000001848b889f60: 2301 0000 | 8078 f00a | 0f85 1901 | 0000 4883 | c008 4c8b | 68f8 4183 | ed00 4183 | fd02 0f8c 
  0x000001848b889f80: f800 0000 | 4c8b 6b08 | 450f b76d | 2e4c 2b28 | 4183 ed01 | 4e8b 6cec | 084d 85ed | 750e f640 
  0x000001848b889fa0: 0801 754b | f048 8348 | 0801 eb43 | 458b 6d08 | 4d8b d54c | 3368 0849 | f7c5 fcff | ffff 742f 
  0x000001848b889fc0: 41f6 c502 | 7529 4883 | 7808 0074 | 1e48 8378 | 0801 7417 | 4d8b ea4c | 3368 0849 | f7c5 fcff 
  0x000001848b889fe0: ffff 740b | 4883 4808 | 02eb 044c | 8968 0848 | 83c0 104c | 8b68 e841 | 83ed 0241 | 83fd 020f 
  0x000001848b88a000: 8c77 0000 | 004c 8b6b | 0845 0fb7 | 6d2e 4c2b | 2841 83ed | 014e 8b6c | ec08 4d85 | ed75 0ef6 
  0x000001848b88a020: 4008 0175 | 4bf0 4883 | 4808 01eb | 4345 8b6d | 084d 8bd5 | 4c33 6808 | 49f7 c5fc | ffff ff74 
  0x000001848b88a040: 2f41 f6c5 | 0275 2948 | 8378 0800 | 741e 4883 | 7808 0174 | 174d 8bea | 4c33 6808 | 49f7 c5fc 
  0x000001848b88a060: ffff ff74 | 0b48 8348 | 0802 eb04 | 4c89 6808 | 4883 c010 | 4c8b 68d8 | 4183 ed04 | 41c1 e503 
  0x000001848b88a080: 4903 c548 | 8945 d84c | 8d6c 2408 | 498b cd48 | 2bcd 48c1 | f903 4889 | 4df0 ff63 | 6866 6690 
[/MachCode]

---------------  P R O C E S S  ---------------

Threads class SMR info:
_java_thread_list=0x000001849a89c920, length=11, elements={
0x00000184fcf5f440, 0x000001849a38d9f0, 0x000001849a395220, 0x000001849a396950,
0x000001849a74c600, 0x000001849a74cdc0, 0x000001849a74f060, 0x000001849a3c64e0,
0x000001849a7495f0, 0x000001849a74a200, 0x000001849a3c8420
}

Java Threads: ( => current thread )
=>0x00000184fcf5f440 JavaThread "main"                              [_thread_in_vm, id=33072, stack(0x000000283bb00000,0x000000283bc00000) (1024K)]
  0x000001849a38d9f0 JavaThread "Common-Cleaner"             daemon [_thread_blocked, id=31812, stack(0x000000283c300000,0x000000283c400000) (1024K)]
  0x000001849a395220 JavaThread "Reference Handler"          daemon [_thread_blocked, id=12236, stack(0x000000283c400000,0x000000283c500000) (1024K)]
  0x000001849a396950 JavaThread "Finalizer"                  daemon [_thread_blocked, id=29704, stack(0x000000283c500000,0x000000283c600000) (1024K)]
  0x000001849a74c600 JavaThread "Signal Dispatcher"          daemon [_thread_blocked, id=17028, stack(0x000000283c600000,0x000000283c700000) (1024K)]
  0x000001849a74cdc0 JavaThread "Attach Listener"            daemon [_thread_blocked, id=23116, stack(0x000000283c700000,0x000000283c800000) (1024K)]
  0x000001849a74f060 JavaThread "Service Thread"             daemon [_thread_blocked, id=1268, stack(0x000000283c800000,0x000000283c900000) (1024K)]
  0x000001849a3c64e0 JavaThread "Monitor Deflation Thread"   daemon [_thread_blocked, id=27824, stack(0x000000283c900000,0x000000283ca00000) (1024K)]
  0x000001849a7495f0 JavaThread "C2 CompilerThread0"         daemon [_thread_blocked, id=28436, stack(0x000000283ca00000,0x000000283cb00000) (1024K)]
  0x000001849a74a200 JavaThread "C1 CompilerThread0"         daemon [_thread_blocked, id=26464, stack(0x000000283cb00000,0x000000283cc00000) (1024K)]
  0x000001849a3c8420 JavaThread "Notification Thread"        daemon [_thread_blocked, id=21512, stack(0x000000283cc00000,0x000000283cd00000) (1024K)]
Total: 11

Other Threads:
  0x000001849a34ee20 VMThread "VM Thread"                           [id=33732, stack(0x000000283c200000,0x000000283c300000) (1024K)]
  0x000001849a32a3d0 WatcherThread "VM Periodic Task Thread"        [id=33000, stack(0x000000283c100000,0x000000283c200000) (1024K)]
  0x00000184ff3f5660 WorkerThread "GC Thread#0"                     [id=19076, stack(0x000000283bc00000,0x000000283bd00000) (1024K)]
  0x00000184ff40e3a0 ConcurrentGCThread "G1 Main Marker"            [id=24752, stack(0x000000283bd00000,0x000000283be00000) (1024K)]
  0x00000184ff4103a0 WorkerThread "G1 Conc#0"                       [id=23576, stack(0x000000283be00000,0x000000283bf00000) (1024K)]
  0x000001849a200540 ConcurrentGCThread "G1 Refine#0"               [id=9460, stack(0x000000283bf00000,0x000000283c000000) (1024K)]
  0x000001849a200e00 ConcurrentGCThread "G1 Service"                [id=33288, stack(0x000000283c000000,0x000000283c100000) (1024K)]
Total: 7

Threads with active compile tasks:
Total: 0

VM state: not at safepoint (normal execution)

VM Mutex/Monitor currently owned by a thread:  ([mutex/lock_event])
[0x00007ffa66f9f810] Metaspace_lock - owner thread: 0x00000184fcf5f440

Heap address: 0x000000070bc00000, size: 3908 MB, Compressed Oops mode: Zero based, Oop shift amount: 3

CDS archive(s) not mapped
Compressed class space mapped at: 0x00000000bc000000-0x00000000fc000000, reserved size: 1073741824
UseCompressedClassPointers 1, UseCompactObjectHeaders 0
Narrow klass pointer bits 32, Max shift 3
Narrow klass base: 0x0000000000000000, Narrow klass shift: 0
Encoding Range: [0x0000000000000000 - 0x0000000100000000), (4294967296 bytes)
Klass Range:    [0x00000000bc000000 - 0x00000000fc000000), (1073741824 bytes)
Klass ID Range:  [3154116608 - 4227858425) (1073741817)
No protection zone.

GC Precious Log:
 CardTable entry size: 512
 Card Set container configuration: InlinePtr #cards 4 size 8 Array Of Cards #cards 16 size 48 Howl #buckets 8 coarsen threshold 3686 Howl Bitmap #cards 512 size 80 coarsen threshold 460 Card regions per heap region 1 cards per card region 4096
 CPUs: 12 total, 12 available
 Memory: 15631M
 Large Page Support: Disabled
 NUMA Support: Disabled
 Compressed Oops: Enabled (Zero based)
 Heap Region Size: 2M
 Heap Min Capacity: 8M
 Heap Initial Capacity: 246M
 Heap Max Capacity: 3908M
 Pre-touch: Disabled
 Parallel Workers: 10
 Concurrent Workers: 3
 Concurrent Refinement Workers: 10
 Periodic GC: Disabled

Heap:
 garbage-first heap   total reserved 4001792K, committed 251904K, used 2048K [0x000000070bc00000, 0x0000000800000000)
  region size 2048K, 2 young (4096K), 0 survivors (0K)

Heap Regions: E=young(eden), S=young(survivor), O=old, HS=humongous(starts), HC=humongous(continues), CS=collection set, F=free, TAMS=top-at-mark-start, PB=parsable bottom
|   0|0x000000070bc00000, 0x000000070bc00000, 0x000000070be00000|  0%| F|  |TAMS 0x000000070bc00000| PB 0x000000070bc00000| Untracked |  0
|   1|0x000000070be00000, 0x000000070be00000, 0x000000070c000000|  0%| F|  |TAMS 0x000000070be00000| PB 0x000000070be00000| Untracked |  0
|   2|0x000000070c000000, 0x000000070c000000, 0x000000070c200000|  0%| F|  |TAMS 0x000000070c000000| PB 0x000000070c000000| Untracked |  0
|   3|0x000000070c200000, 0x000000070c200000, 0x000000070c400000|  0%| F|  |TAMS 0x000000070c200000| PB 0x000000070c200000| Untracked |  0
|   4|0x000000070c400000, 0x000000070c400000, 0x000000070c600000|  0%| F|  |TAMS 0x000000070c400000| PB 0x000000070c400000| Untracked |  0
|   5|0x000000070c600000, 0x000000070c600000, 0x000000070c800000|  0%| F|  |TAMS 0x000000070c600000| PB 0x000000070c600000| Untracked |  0
|   6|0x000000070c800000, 0x000000070c800000, 0x000000070ca00000|  0%| F|  |TAMS 0x000000070c800000| PB 0x000000070c800000| Untracked |  0
|   7|0x000000070ca00000, 0x000000070ca00000, 0x000000070cc00000|  0%| F|  |TAMS 0x000000070ca00000| PB 0x000000070ca00000| Untracked |  0
|   8|0x000000070cc00000, 0x000000070cc00000, 0x000000070ce00000|  0%| F|  |TAMS 0x000000070cc00000| PB 0x000000070cc00000| Untracked |  0
|   9|0x000000070ce00000, 0x000000070ce00000, 0x000000070d000000|  0%| F|  |TAMS 0x000000070ce00000| PB 0x000000070ce00000| Untracked |  0
|  10|0x000000070d000000, 0x000000070d000000, 0x000000070d200000|  0%| F|  |TAMS 0x000000070d000000| PB 0x000000070d000000| Untracked |  0
|  11|0x000000070d200000, 0x000000070d200000, 0x000000070d400000|  0%| F|  |TAMS 0x000000070d200000| PB 0x000000070d200000| Untracked |  0
|  12|0x000000070d400000, 0x000000070d400000, 0x000000070d600000|  0%| F|  |TAMS 0x000000070d400000| PB 0x000000070d400000| Untracked |  0
|  13|0x000000070d600000, 0x000000070d600000, 0x000000070d800000|  0%| F|  |TAMS 0x000000070d600000| PB 0x000000070d600000| Untracked |  0
|  14|0x000000070d800000, 0x000000070d800000, 0x000000070da00000|  0%| F|  |TAMS 0x000000070d800000| PB 0x000000070d800000| Untracked |  0
|  15|0x000000070da00000, 0x000000070da00000, 0x000000070dc00000|  0%| F|  |TAMS 0x000000070da00000| PB 0x000000070da00000| Untracked |  0
|  16|0x000000070dc00000, 0x000000070dc00000, 0x000000070de00000|  0%| F|  |TAMS 0x000000070dc00000| PB 0x000000070dc00000| Untracked |  0
|  17|0x000000070de00000, 0x000000070de00000, 0x000000070e000000|  0%| F|  |TAMS 0x000000070de00000| PB 0x000000070de00000| Untracked |  0
|  18|0x000000070e000000, 0x000000070e000000, 0x000000070e200000|  0%| F|  |TAMS 0x000000070e000000| PB 0x000000070e000000| Untracked |  0
|  19|0x000000070e200000, 0x000000070e200000, 0x000000070e400000|  0%| F|  |TAMS 0x000000070e200000| PB 0x000000070e200000| Untracked |  0
|  20|0x000000070e400000, 0x000000070e400000, 0x000000070e600000|  0%| F|  |TAMS 0x000000070e400000| PB 0x000000070e400000| Untracked |  0
|  21|0x000000070e600000, 0x000000070e600000, 0x000000070e800000|  0%| F|  |TAMS 0x000000070e600000| PB 0x000000070e600000| Untracked |  0
|  22|0x000000070e800000, 0x000000070e800000, 0x000000070ea00000|  0%| F|  |TAMS 0x000000070e800000| PB 0x000000070e800000| Untracked |  0
|  23|0x000000070ea00000, 0x000000070ea00000, 0x000000070ec00000|  0%| F|  |TAMS 0x000000070ea00000| PB 0x000000070ea00000| Untracked |  0
|  24|0x000000070ec00000, 0x000000070ec00000, 0x000000070ee00000|  0%| F|  |TAMS 0x000000070ec00000| PB 0x000000070ec00000| Untracked |  0
|  25|0x000000070ee00000, 0x000000070ee00000, 0x000000070f000000|  0%| F|  |TAMS 0x000000070ee00000| PB 0x000000070ee00000| Untracked |  0
|  26|0x000000070f000000, 0x000000070f000000, 0x000000070f200000|  0%| F|  |TAMS 0x000000070f000000| PB 0x000000070f000000| Untracked |  0
|  27|0x000000070f200000, 0x000000070f200000, 0x000000070f400000|  0%| F|  |TAMS 0x000000070f200000| PB 0x000000070f200000| Untracked |  0
|  28|0x000000070f400000, 0x000000070f400000, 0x000000070f600000|  0%| F|  |TAMS 0x000000070f400000| PB 0x000000070f400000| Untracked |  0
|  29|0x000000070f600000, 0x000000070f600000, 0x000000070f800000|  0%| F|  |TAMS 0x000000070f600000| PB 0x000000070f600000| Untracked |  0
|  30|0x000000070f800000, 0x000000070f800000, 0x000000070fa00000|  0%| F|  |TAMS 0x000000070f800000| PB 0x000000070f800000| Untracked |  0
|  31|0x000000070fa00000, 0x000000070fa00000, 0x000000070fc00000|  0%| F|  |TAMS 0x000000070fa00000| PB 0x000000070fa00000| Untracked |  0
|  32|0x000000070fc00000, 0x000000070fc00000, 0x000000070fe00000|  0%| F|  |TAMS 0x000000070fc00000| PB 0x000000070fc00000| Untracked |  0
|  33|0x000000070fe00000, 0x000000070fe00000, 0x0000000710000000|  0%| F|  |TAMS 0x000000070fe00000| PB 0x000000070fe00000| Untracked |  0
|  34|0x0000000710000000, 0x0000000710000000, 0x0000000710200000|  0%| F|  |TAMS 0x0000000710000000| PB 0x0000000710000000| Untracked |  0
|  35|0x0000000710200000, 0x0000000710200000, 0x0000000710400000|  0%| F|  |TAMS 0x0000000710200000| PB 0x0000000710200000| Untracked |  0
|  36|0x0000000710400000, 0x0000000710400000, 0x0000000710600000|  0%| F|  |TAMS 0x0000000710400000| PB 0x0000000710400000| Untracked |  0
|  37|0x0000000710600000, 0x0000000710600000, 0x0000000710800000|  0%| F|  |TAMS 0x0000000710600000| PB 0x0000000710600000| Untracked |  0
|  38|0x0000000710800000, 0x0000000710800000, 0x0000000710a00000|  0%| F|  |TAMS 0x0000000710800000| PB 0x0000000710800000| Untracked |  0
|  39|0x0000000710a00000, 0x0000000710a00000, 0x0000000710c00000|  0%| F|  |TAMS 0x0000000710a00000| PB 0x0000000710a00000| Untracked |  0
|  40|0x0000000710c00000, 0x0000000710c00000, 0x0000000710e00000|  0%| F|  |TAMS 0x0000000710c00000| PB 0x0000000710c00000| Untracked |  0
|  41|0x0000000710e00000, 0x0000000710e00000, 0x0000000711000000|  0%| F|  |TAMS 0x0000000710e00000| PB 0x0000000710e00000| Untracked |  0
|  42|0x0000000711000000, 0x0000000711000000, 0x0000000711200000|  0%| F|  |TAMS 0x0000000711000000| PB 0x0000000711000000| Untracked |  0
|  43|0x0000000711200000, 0x0000000711200000, 0x0000000711400000|  0%| F|  |TAMS 0x0000000711200000| PB 0x0000000711200000| Untracked |  0
|  44|0x0000000711400000, 0x0000000711400000, 0x0000000711600000|  0%| F|  |TAMS 0x0000000711400000| PB 0x0000000711400000| Untracked |  0
|  45|0x0000000711600000, 0x0000000711600000, 0x0000000711800000|  0%| F|  |TAMS 0x0000000711600000| PB 0x0000000711600000| Untracked |  0
|  46|0x0000000711800000, 0x0000000711800000, 0x0000000711a00000|  0%| F|  |TAMS 0x0000000711800000| PB 0x0000000711800000| Untracked |  0
|  47|0x0000000711a00000, 0x0000000711a00000, 0x0000000711c00000|  0%| F|  |TAMS 0x0000000711a00000| PB 0x0000000711a00000| Untracked |  0
|  48|0x0000000711c00000, 0x0000000711c00000, 0x0000000711e00000|  0%| F|  |TAMS 0x0000000711c00000| PB 0x0000000711c00000| Untracked |  0
|  49|0x0000000711e00000, 0x0000000711e00000, 0x0000000712000000|  0%| F|  |TAMS 0x0000000711e00000| PB 0x0000000711e00000| Untracked |  0
|  50|0x0000000712000000, 0x0000000712000000, 0x0000000712200000|  0%| F|  |TAMS 0x0000000712000000| PB 0x0000000712000000| Untracked |  0
|  51|0x0000000712200000, 0x0000000712200000, 0x0000000712400000|  0%| F|  |TAMS 0x0000000712200000| PB 0x0000000712200000| Untracked |  0
|  52|0x0000000712400000, 0x0000000712400000, 0x0000000712600000|  0%| F|  |TAMS 0x0000000712400000| PB 0x0000000712400000| Untracked |  0
|  53|0x0000000712600000, 0x0000000712600000, 0x0000000712800000|  0%| F|  |TAMS 0x0000000712600000| PB 0x0000000712600000| Untracked |  0
|  54|0x0000000712800000, 0x0000000712800000, 0x0000000712a00000|  0%| F|  |TAMS 0x0000000712800000| PB 0x0000000712800000| Untracked |  0
|  55|0x0000000712a00000, 0x0000000712a00000, 0x0000000712c00000|  0%| F|  |TAMS 0x0000000712a00000| PB 0x0000000712a00000| Untracked |  0
|  56|0x0000000712c00000, 0x0000000712c00000, 0x0000000712e00000|  0%| F|  |TAMS 0x0000000712c00000| PB 0x0000000712c00000| Untracked |  0
|  57|0x0000000712e00000, 0x0000000712e00000, 0x0000000713000000|  0%| F|  |TAMS 0x0000000712e00000| PB 0x0000000712e00000| Untracked |  0
|  58|0x0000000713000000, 0x0000000713000000, 0x0000000713200000|  0%| F|  |TAMS 0x0000000713000000| PB 0x0000000713000000| Untracked |  0
|  59|0x0000000713200000, 0x0000000713200000, 0x0000000713400000|  0%| F|  |TAMS 0x0000000713200000| PB 0x0000000713200000| Untracked |  0
|  60|0x0000000713400000, 0x0000000713400000, 0x0000000713600000|  0%| F|  |TAMS 0x0000000713400000| PB 0x0000000713400000| Untracked |  0
|  61|0x0000000713600000, 0x0000000713600000, 0x0000000713800000|  0%| F|  |TAMS 0x0000000713600000| PB 0x0000000713600000| Untracked |  0
|  62|0x0000000713800000, 0x0000000713800000, 0x0000000713a00000|  0%| F|  |TAMS 0x0000000713800000| PB 0x0000000713800000| Untracked |  0
|  63|0x0000000713a00000, 0x0000000713a00000, 0x0000000713c00000|  0%| F|  |TAMS 0x0000000713a00000| PB 0x0000000713a00000| Untracked |  0
|  64|0x0000000713c00000, 0x0000000713c00000, 0x0000000713e00000|  0%| F|  |TAMS 0x0000000713c00000| PB 0x0000000713c00000| Untracked |  0
|  65|0x0000000713e00000, 0x0000000713e00000, 0x0000000714000000|  0%| F|  |TAMS 0x0000000713e00000| PB 0x0000000713e00000| Untracked |  0
|  66|0x0000000714000000, 0x0000000714000000, 0x0000000714200000|  0%| F|  |TAMS 0x0000000714000000| PB 0x0000000714000000| Untracked |  0
|  67|0x0000000714200000, 0x0000000714200000, 0x0000000714400000|  0%| F|  |TAMS 0x0000000714200000| PB 0x0000000714200000| Untracked |  0
|  68|0x0000000714400000, 0x0000000714400000, 0x0000000714600000|  0%| F|  |TAMS 0x0000000714400000| PB 0x0000000714400000| Untracked |  0
|  69|0x0000000714600000, 0x0000000714600000, 0x0000000714800000|  0%| F|  |TAMS 0x0000000714600000| PB 0x0000000714600000| Untracked |  0
|  70|0x0000000714800000, 0x0000000714800000, 0x0000000714a00000|  0%| F|  |TAMS 0x0000000714800000| PB 0x0000000714800000| Untracked |  0
|  71|0x0000000714a00000, 0x0000000714a00000, 0x0000000714c00000|  0%| F|  |TAMS 0x0000000714a00000| PB 0x0000000714a00000| Untracked |  0
|  72|0x0000000714c00000, 0x0000000714c00000, 0x0000000714e00000|  0%| F|  |TAMS 0x0000000714c00000| PB 0x0000000714c00000| Untracked |  0
|  73|0x0000000714e00000, 0x0000000714e00000, 0x0000000715000000|  0%| F|  |TAMS 0x0000000714e00000| PB 0x0000000714e00000| Untracked |  0
|  74|0x0000000715000000, 0x0000000715000000, 0x0000000715200000|  0%| F|  |TAMS 0x0000000715000000| PB 0x0000000715000000| Untracked |  0
|  75|0x0000000715200000, 0x0000000715200000, 0x0000000715400000|  0%| F|  |TAMS 0x0000000715200000| PB 0x0000000715200000| Untracked |  0
|  76|0x0000000715400000, 0x0000000715400000, 0x0000000715600000|  0%| F|  |TAMS 0x0000000715400000| PB 0x0000000715400000| Untracked |  0
|  77|0x0000000715600000, 0x0000000715600000, 0x0000000715800000|  0%| F|  |TAMS 0x0000000715600000| PB 0x0000000715600000| Untracked |  0
|  78|0x0000000715800000, 0x0000000715800000, 0x0000000715a00000|  0%| F|  |TAMS 0x0000000715800000| PB 0x0000000715800000| Untracked |  0
|  79|0x0000000715a00000, 0x0000000715a00000, 0x0000000715c00000|  0%| F|  |TAMS 0x0000000715a00000| PB 0x0000000715a00000| Untracked |  0
|  80|0x0000000715c00000, 0x0000000715c00000, 0x0000000715e00000|  0%| F|  |TAMS 0x0000000715c00000| PB 0x0000000715c00000| Untracked |  0
|  81|0x0000000715e00000, 0x0000000715e00000, 0x0000000716000000|  0%| F|  |TAMS 0x0000000715e00000| PB 0x0000000715e00000| Untracked |  0
|  82|0x0000000716000000, 0x0000000716000000, 0x0000000716200000|  0%| F|  |TAMS 0x0000000716000000| PB 0x0000000716000000| Untracked |  0
|  83|0x0000000716200000, 0x0000000716200000, 0x0000000716400000|  0%| F|  |TAMS 0x0000000716200000| PB 0x0000000716200000| Untracked |  0
|  84|0x0000000716400000, 0x0000000716400000, 0x0000000716600000|  0%| F|  |TAMS 0x0000000716400000| PB 0x0000000716400000| Untracked |  0
|  85|0x0000000716600000, 0x0000000716600000, 0x0000000716800000|  0%| F|  |TAMS 0x0000000716600000| PB 0x0000000716600000| Untracked |  0
|  86|0x0000000716800000, 0x0000000716800000, 0x0000000716a00000|  0%| F|  |TAMS 0x0000000716800000| PB 0x0000000716800000| Untracked |  0
|  87|0x0000000716a00000, 0x0000000716a00000, 0x0000000716c00000|  0%| F|  |TAMS 0x0000000716a00000| PB 0x0000000716a00000| Untracked |  0
|  88|0x0000000716c00000, 0x0000000716c00000, 0x0000000716e00000|  0%| F|  |TAMS 0x0000000716c00000| PB 0x0000000716c00000| Untracked |  0
|  89|0x0000000716e00000, 0x0000000716e00000, 0x0000000717000000|  0%| F|  |TAMS 0x0000000716e00000| PB 0x0000000716e00000| Untracked |  0
|  90|0x0000000717000000, 0x0000000717000000, 0x0000000717200000|  0%| F|  |TAMS 0x0000000717000000| PB 0x0000000717000000| Untracked |  0
|  91|0x0000000717200000, 0x0000000717200000, 0x0000000717400000|  0%| F|  |TAMS 0x0000000717200000| PB 0x0000000717200000| Untracked |  0
|  92|0x0000000717400000, 0x0000000717400000, 0x0000000717600000|  0%| F|  |TAMS 0x0000000717400000| PB 0x0000000717400000| Untracked |  0
|  93|0x0000000717600000, 0x0000000717600000, 0x0000000717800000|  0%| F|  |TAMS 0x0000000717600000| PB 0x0000000717600000| Untracked |  0
|  94|0x0000000717800000, 0x0000000717800000, 0x0000000717a00000|  0%| F|  |TAMS 0x0000000717800000| PB 0x0000000717800000| Untracked |  0
|  95|0x0000000717a00000, 0x0000000717a00000, 0x0000000717c00000|  0%| F|  |TAMS 0x0000000717a00000| PB 0x0000000717a00000| Untracked |  0
|  96|0x0000000717c00000, 0x0000000717c00000, 0x0000000717e00000|  0%| F|  |TAMS 0x0000000717c00000| PB 0x0000000717c00000| Untracked |  0
|  97|0x0000000717e00000, 0x0000000717e00000, 0x0000000718000000|  0%| F|  |TAMS 0x0000000717e00000| PB 0x0000000717e00000| Untracked |  0
|  98|0x0000000718000000, 0x0000000718000000, 0x0000000718200000|  0%| F|  |TAMS 0x0000000718000000| PB 0x0000000718000000| Untracked |  0
|  99|0x0000000718200000, 0x0000000718200000, 0x0000000718400000|  0%| F|  |TAMS 0x0000000718200000| PB 0x0000000718200000| Untracked |  0
| 100|0x0000000718400000, 0x0000000718400000, 0x0000000718600000|  0%| F|  |TAMS 0x0000000718400000| PB 0x0000000718400000| Untracked |  0
| 101|0x0000000718600000, 0x0000000718600000, 0x0000000718800000|  0%| F|  |TAMS 0x0000000718600000| PB 0x0000000718600000| Untracked |  0
| 102|0x0000000718800000, 0x0000000718800000, 0x0000000718a00000|  0%| F|  |TAMS 0x0000000718800000| PB 0x0000000718800000| Untracked |  0
| 103|0x0000000718a00000, 0x0000000718a00000, 0x0000000718c00000|  0%| F|  |TAMS 0x0000000718a00000| PB 0x0000000718a00000| Untracked |  0
| 104|0x0000000718c00000, 0x0000000718c00000, 0x0000000718e00000|  0%| F|  |TAMS 0x0000000718c00000| PB 0x0000000718c00000| Untracked |  0
| 105|0x0000000718e00000, 0x0000000718e00000, 0x0000000719000000|  0%| F|  |TAMS 0x0000000718e00000| PB 0x0000000718e00000| Untracked |  0
| 106|0x0000000719000000, 0x0000000719000000, 0x0000000719200000|  0%| F|  |TAMS 0x0000000719000000| PB 0x0000000719000000| Untracked |  0
| 107|0x0000000719200000, 0x0000000719200000, 0x0000000719400000|  0%| F|  |TAMS 0x0000000719200000| PB 0x0000000719200000| Untracked |  0
| 108|0x0000000719400000, 0x0000000719400000, 0x0000000719600000|  0%| F|  |TAMS 0x0000000719400000| PB 0x0000000719400000| Untracked |  0
| 109|0x0000000719600000, 0x0000000719600000, 0x0000000719800000|  0%| F|  |TAMS 0x0000000719600000| PB 0x0000000719600000| Untracked |  0
| 110|0x0000000719800000, 0x0000000719800000, 0x0000000719a00000|  0%| F|  |TAMS 0x0000000719800000| PB 0x0000000719800000| Untracked |  0
| 111|0x0000000719a00000, 0x0000000719a00000, 0x0000000719c00000|  0%| F|  |TAMS 0x0000000719a00000| PB 0x0000000719a00000| Untracked |  0
| 112|0x0000000719c00000, 0x0000000719c00000, 0x0000000719e00000|  0%| F|  |TAMS 0x0000000719c00000| PB 0x0000000719c00000| Untracked |  0
| 113|0x0000000719e00000, 0x0000000719e00000, 0x000000071a000000|  0%| F|  |TAMS 0x0000000719e00000| PB 0x0000000719e00000| Untracked |  0
| 114|0x000000071a000000, 0x000000071a000000, 0x000000071a200000|  0%| F|  |TAMS 0x000000071a000000| PB 0x000000071a000000| Untracked |  0
| 115|0x000000071a200000, 0x000000071a200000, 0x000000071a400000|  0%| F|  |TAMS 0x000000071a200000| PB 0x000000071a200000| Untracked |  0
| 116|0x000000071a400000, 0x000000071a400000, 0x000000071a600000|  0%| F|  |TAMS 0x000000071a400000| PB 0x000000071a400000| Untracked |  0
| 117|0x000000071a600000, 0x000000071a600000, 0x000000071a800000|  0%| F|  |TAMS 0x000000071a600000| PB 0x000000071a600000| Untracked |  0
| 118|0x000000071a800000, 0x000000071a800000, 0x000000071aa00000|  0%| F|  |TAMS 0x000000071a800000| PB 0x000000071a800000| Untracked |  0
| 119|0x000000071aa00000, 0x000000071aa00000, 0x000000071ac00000|  0%| F|  |TAMS 0x000000071aa00000| PB 0x000000071aa00000| Untracked |  0
| 120|0x000000071ac00000, 0x000000071ac00000, 0x000000071ae00000|  0%| F|  |TAMS 0x000000071ac00000| PB 0x000000071ac00000| Untracked |  0
| 121|0x000000071ae00000, 0x000000071aef5c40, 0x000000071b000000| 48%| E|  |TAMS 0x000000071ae00000| PB 0x000000071ae00000| Complete |  0
| 122|0x000000071b000000, 0x000000071b200000, 0x000000071b200000|100%| E|CS|TAMS 0x000000071b000000| PB 0x000000071b000000| Complete |  0

Card table byte_map: [0x0000018493af0000,0x00000184942a0000] _byte_map_base: 0x0000018490292000

Marking Bits: (CMBitMap*) 0x00000184ff3f6c00
 Bits: [0x00000184942a0000, 0x0000018497fb0000)

Polling page: 0x00000184fd600000

Metaspace:
Metaspace        used 4799K, committed 4800K, reserved 1114112K
 class space     used 383K, committed 384K, reserved 1048576K

Usage:
  Non-class:      4.31 MB used.
      Class:    383.16 KB used.
       Both:      4.69 MB used.

Virtual space:
  Non-class space:       64.00 MB reserved,       4.31 MB (  7%) committed,  1 nodes.
      Class space:        1.00 GB reserved,     384.00 KB ( <1%) committed,  1 nodes.
             Both:        1.06 GB reserved,       4.69 MB ( <1%) committed. 

Chunk freelists:
   Non-Class:  11.00 MB
       Class:  15.50 MB
        Both:  26.50 MB

MaxMetaspaceSize: unlimited
CompressedClassSpaceSize: 1.00 GB
Initial GC threshold: 21.00 MB
Current GC threshold: 21.00 MB
CDS: off
 - commit_granule_bytes: 65536.
 - commit_granule_words: 8192.
 - virtual_space_node_default_size: 8388608.
 - enlarge_chunks_in_place: 1.
UseCompressedClassPointers 1, UseCompactObjectHeaders 0
Narrow klass pointer bits 32, Max shift 3
Narrow klass base: 0x0000000000000000, Narrow klass shift: 0
Encoding Range: [0x0000000000000000 - 0x0000000100000000), (4294967296 bytes)
Klass Range:    [0x00000000bc000000 - 0x00000000fc000000), (1073741824 bytes)
Klass ID Range:  [3154116608 - 4227858425) (1073741817)
No protection zone.


Internal statistics:

num_allocs_failed_limit: 0.
num_arena_births: 2.
num_arena_deaths: 0.
num_vsnodes_births: 2.
num_vsnodes_deaths: 0.
num_space_committed: 75.
num_space_uncommitted: 0.
num_chunks_returned_to_freelist: 0.
num_chunks_taken_from_freelist: 3.
num_chunk_merges: 0.
num_chunk_splits: 3.
num_chunks_enlarged: 1.
num_inconsistent_stats: 0.

CodeHeap 'non-profiled nmethods': size=120064Kb used=17Kb max_used=17Kb free=120046Kb
 bounds [0x000001848be00000, 0x000001848c070000, 0x0000018493340000]
CodeHeap 'profiled nmethods': size=120000Kb used=72Kb max_used=72Kb free=119927Kb
 bounds [0x0000018484340000, 0x00000184845b0000, 0x000001848b870000]
CodeHeap 'non-nmethods': size=5696Kb used=1258Kb max_used=1258Kb free=4437Kb
 bounds [0x000001848b870000, 0x000001848bae0000, 0x000001848be00000]
CodeCache: size=245760Kb, used=1347Kb, max_used=1347Kb, free=244410Kb
 total_blobs=388, nmethods=79, adapters=213, full_count=0
Compilation: enabled, stopped_count=0, restarted_count=0

Compilation events (20 events):
Event: 0.162 Thread 0x000001849a74a200   67       1       java.lang.module.ModuleDescriptor$Exports::targets (5 bytes)
Event: 0.162 Thread 0x000001849a74a200 nmethod 67 0x000001848be03808 code [0x000001848be03900, 0x000001848be039c8]
Event: 0.163 Thread 0x000001849a74a200   69       3       java.util.ImmutableCollections$Set12::iterator (9 bytes)
Event: 0.163 Thread 0x000001849a74a200 nmethod 69 0x0000018484350388 code [0x0000018484350480, 0x0000018484350618]
Event: 0.163 Thread 0x000001849a74a200   70       3       java.util.ImmutableCollections$Set12$1::<init> (37 bytes)
Event: 0.163 Thread 0x000001849a74a200 nmethod 70 0x0000018484350688 code [0x0000018484350780, 0x0000018484350af0]
Event: 0.163 Thread 0x000001849a74a200   71       1       java.util.ImmutableCollections$Set12::isEmpty (2 bytes)
Event: 0.163 Thread 0x000001849a74a200 nmethod 71 0x000001848be03b08 code [0x000001848be03c00, 0x000001848be03cc8]
Event: 0.171 Thread 0x000001849a74a200   74       3       java.lang.String::getBytes (44 bytes)
Event: 0.171 Thread 0x000001849a74a200 nmethod 74 0x0000018484350b08 code [0x0000018484350c00, 0x0000018484350f78]
Event: 0.173 Thread 0x000001849a74a200   75       3       java.lang.StringBuilder::append (8 bytes)
Event: 0.173 Thread 0x000001849a74a200 nmethod 75 0x0000018484350f88 code [0x0000018484351080, 0x00000184843511d0]
Event: 0.173 Thread 0x000001849a74a200   78       3       java.lang.StringLatin1::coderFromChar (10 bytes)
Event: 0.173 Thread 0x000001849a74a200 nmethod 78 0x0000018484351288 code [0x0000018484351380, 0x0000018484351478]
Event: 0.173 Thread 0x000001849a74a200   76       3       java.lang.AbstractStringBuilder::append (102 bytes)
Event: 0.173 Thread 0x000001849a74a200 nmethod 76 0x0000018484351588 code [0x0000018484351680, 0x0000018484351af0]
Event: 0.173 Thread 0x000001849a74a200   77       3       java.io.WinNTFileSystem::isSlash (18 bytes)
Event: 0.173 Thread 0x000001849a74a200 nmethod 77 0x0000018484351b08 code [0x0000018484351c00, 0x0000018484351d88]
Event: 0.179 Thread 0x000001849a74a200   79       3       java.lang.StringLatin1::indexOfChar (33 bytes)
Event: 0.179 Thread 0x000001849a74a200 nmethod 79 0x0000018484351e08 code [0x0000018484351f00, 0x0000018484352110]

GC Heap Usage History (0 events):
No events

Metaspace Usage History (0 events):
No events

Dll operation events (2 events):
Event: 0.012 Loaded shared library C:\Program Files\JetBrains\IntelliJ IDEA 2026.1.1\jbr\bin\java.dll
Event: 0.023 Loaded shared library C:\Program Files\JetBrains\IntelliJ IDEA 2026.1.1\jbr\bin\zip.dll

Deoptimization events (0 events):
No events

Classes loaded (20 events):
Event: 0.178 Loading class sun/nio/fs/WindowsPathParser done
Event: 0.178 Loading class sun/nio/fs/WindowsPathType
Event: 0.178 Loading class sun/nio/fs/WindowsPathType done
Event: 0.178 Loading class sun/nio/fs/WindowsPathParser$Result
Event: 0.178 Loading class sun/nio/fs/WindowsPathParser$Result done
Event: 0.178 Loading class java/util/zip/ZipFile$Source$Key
Event: 0.178 Loading class java/util/zip/ZipFile$Source$Key done
Event: 0.178 Loading class sun/nio/fs/WindowsPath
Event: 0.179 Loading class java/nio/file/Path
Event: 0.179 Loading class java/nio/file/Watchable
Event: 0.179 Loading class java/nio/file/Watchable done
Event: 0.179 Loading class java/nio/file/Path done
Event: 0.179 Loading class sun/nio/fs/WindowsPath done
Event: 0.179 Loading class java/nio/file/attribute/BasicFileAttributes
Event: 0.179 Loading class java/nio/file/attribute/BasicFileAttributes done
Event: 0.179 Loading class java/nio/file/LinkOption
Event: 0.179 Loading class java/nio/file/CopyOption
Event: 0.179 Loading class java/nio/file/CopyOption done
Event: 0.179 Loading class java/nio/file/LinkOption done
Event: 0.179 Loading class java/nio/file/Files

Classes unloaded (0 events):
No events

Classes redefined (0 events):
No events

Internal exceptions (0 events):
No events

VM Operations (0 events):
No events

Memory protections (0 events):
No events

Nmethod flushes (0 events):
No events

Events (11 events):
Event: 0.019 Thread 0x00000184fcf5f440 Thread added: 0x00000184fcf5f440
Event: 0.103 Thread 0x00000184fcf5f440 Thread added: 0x000001849a38d9f0
Event: 0.113 Thread 0x00000184fcf5f440 Thread added: 0x000001849a395220
Event: 0.113 Thread 0x00000184fcf5f440 Thread added: 0x000001849a396950
Event: 0.114 Thread 0x00000184fcf5f440 Thread added: 0x000001849a74c600
Event: 0.114 Thread 0x00000184fcf5f440 Thread added: 0x000001849a74cdc0
Event: 0.114 Thread 0x00000184fcf5f440 Thread added: 0x000001849a74f060
Event: 0.114 Thread 0x00000184fcf5f440 Thread added: 0x000001849a3c64e0
Event: 0.115 Thread 0x00000184fcf5f440 Thread added: 0x000001849a7495f0
Event: 0.115 Thread 0x00000184fcf5f440 Thread added: 0x000001849a74a200
Event: 0.165 Thread 0x00000184fcf5f440 Thread added: 0x000001849a3c8420


Dynamic libraries:
0x00007ff6ee3a0000 - 0x00007ff6ee3aa000 	C:\Program Files\JetBrains\IntelliJ IDEA 2026.1.1\jbr\bin\java.exe
0x00007ffafb520000 - 0x00007ffafb787000 	C:\WINDOWS\SYSTEM32\ntdll.dll
0x00007ffaf9ff0000 - 0x00007ffafa0b9000 	C:\WINDOWS\System32\KERNEL32.DLL
0x00007ffaf8100000 - 0x00007ffaf84f4000 	C:\WINDOWS\System32\KERNELBASE.dll
0x00007ffaf7fb0000 - 0x00007ffaf80fb000 	C:\WINDOWS\System32\ucrtbase.dll
0x00007ffaf3750000 - 0x00007ffaf376e000 	C:\Program Files\JetBrains\IntelliJ IDEA 2026.1.1\jbr\bin\VCRUNTIME140.dll
0x00007ffac6950000 - 0x00007ffac6967000 	C:\Program Files\JetBrains\IntelliJ IDEA 2026.1.1\jbr\bin\jli.dll
0x00007ffaf93a0000 - 0x00007ffaf9565000 	C:\WINDOWS\System32\USER32.dll
0x00007ffaddbb0000 - 0x00007ffadde43000 	C:\WINDOWS\WinSxS\amd64_microsoft.windows.common-controls_6595b64144ccf1df_6.0.26100.8115_none_3e075c82e3354f9c\COMCTL32.dll
0x00007ffaf8500000 - 0x00007ffaf8527000 	C:\WINDOWS\System32\win32u.dll
0x00007ffafa280000 - 0x00007ffafa329000 	C:\WINDOWS\System32\msvcrt.dll
0x00007ffaf9dc0000 - 0x00007ffaf9deb000 	C:\WINDOWS\System32\GDI32.dll
0x00007ffaf7df0000 - 0x00007ffaf7f1b000 	C:\WINDOWS\System32\gdi32full.dll
0x00007ffaf8530000 - 0x00007ffaf85d3000 	C:\WINDOWS\System32\msvcp_win.dll
0x00007ffafab50000 - 0x00007ffafab82000 	C:\WINDOWS\System32\IMM32.DLL
0x00007ffaf3a90000 - 0x00007ffaf3a9c000 	C:\Program Files\JetBrains\IntelliJ IDEA 2026.1.1\jbr\bin\vcruntime140_1.dll
0x00007ffae82e0000 - 0x00007ffae8369000 	C:\Program Files\JetBrains\IntelliJ IDEA 2026.1.1\jbr\bin\msvcp140.dll
0x00007ffa66150000 - 0x00007ffa670a2000 	C:\Program Files\JetBrains\IntelliJ IDEA 2026.1.1\jbr\bin\server\jvm.dll
0x00007ffafa1c0000 - 0x00007ffafa276000 	C:\WINDOWS\System32\ADVAPI32.dll
0x00007ffaf9ad0000 - 0x00007ffaf9b77000 	C:\WINDOWS\System32\sechost.dll
0x00007ffaf9ca0000 - 0x00007ffaf9db8000 	C:\WINDOWS\System32\RPCRT4.dll
0x00007ffafaac0000 - 0x00007ffafab40000 	C:\WINDOWS\System32\WS2_32.dll
0x00007ffaf69b0000 - 0x00007ffaf6a0e000 	C:\WINDOWS\SYSTEM32\POWRPROF.dll
0x00007ffaec480000 - 0x00007ffaec4b6000 	C:\WINDOWS\SYSTEM32\WINMM.dll
0x00007ffaec4e0000 - 0x00007ffaec4eb000 	C:\WINDOWS\SYSTEM32\VERSION.dll
0x00007ffaf6990000 - 0x00007ffaf69a4000 	C:\WINDOWS\SYSTEM32\UMPDC.dll
0x00007ffaf6c60000 - 0x00007ffaf6c7b000 	C:\WINDOWS\SYSTEM32\kernel.appcore.dll
0x00007ffaf39b0000 - 0x00007ffaf39ba000 	C:\Program Files\JetBrains\IntelliJ IDEA 2026.1.1\jbr\bin\jimage.dll
0x00007ffaead20000 - 0x00007ffaeaf62000 	C:\WINDOWS\SYSTEM32\DBGHELP.DLL
0x00007ffaf9570000 - 0x00007ffaf98f2000 	C:\WINDOWS\System32\combase.dll
0x00007ffafa330000 - 0x00007ffafa408000 	C:\WINDOWS\System32\OLEAUT32.dll
0x00007ffad3a20000 - 0x00007ffad3a5b000 	C:\WINDOWS\SYSTEM32\dbgcore.DLL
0x00007ffaf8820000 - 0x00007ffaf88c5000 	C:\WINDOWS\System32\bcryptPrimitives.dll
0x00007ffaf33c0000 - 0x00007ffaf33df000 	C:\Program Files\JetBrains\IntelliJ IDEA 2026.1.1\jbr\bin\java.dll
0x00007ffaf9900000 - 0x00007ffaf9a97000 	C:\WINDOWS\System32\ole32.dll
0x00007ffafad70000 - 0x00007ffafb4d7000 	C:\WINDOWS\System32\SHELL32.dll
0x00007ffaf88d0000 - 0x00007ffaf8a3a000 	C:\WINDOWS\System32\wintypes.dll
0x00007ffaec030000 - 0x00007ffaec047000 	C:\Program Files\JetBrains\IntelliJ IDEA 2026.1.1\jbr\bin\zip.dll
0x00007ffaf8a40000 - 0x00007ffaf92a8000 	C:\WINDOWS\System32\windows.storage.dll
0x00007ffaf9b80000 - 0x00007ffaf9c78000 	C:\WINDOWS\System32\SHCORE.dll
0x00007ffaf92b0000 - 0x00007ffaf9316000 	C:\WINDOWS\System32\shlwapi.dll
0x00007ffaf7d10000 - 0x00007ffaf7d39000 	C:\WINDOWS\SYSTEM32\profapi.dll

JVMTI agents: none

dbghelp: loaded successfully - version: 4.0.5 - missing functions: none
symbol engine: initialized successfully - sym options: 0x614 - pdb path: .;C:\Program Files\JetBrains\IntelliJ IDEA 2026.1.1\jbr\bin;C:\WINDOWS\SYSTEM32;C:\WINDOWS\WinSxS\amd64_microsoft.windows.common-controls_6595b64144ccf1df_6.0.26100.8115_none_3e075c82e3354f9c;C:\Program Files\JetBrains\IntelliJ IDEA 2026.1.1\jbr\bin\server

VM Arguments:
java_command: git4idea.http.GitAskPassApp Username for 'https://github.com': 
java_class_path (initial): C:/Program Files/JetBrains/IntelliJ IDEA 2026.1.1/plugins/vcs-git/lib/git4idea-rt.jar;C:/Program Files/JetBrains/IntelliJ IDEA 2026.1.1/lib/externalProcess-rt.jar
Launcher Type: SUN_STANDARD

[Global flags]
     intx CICompilerCount                          = 4                                         {product} {ergonomic}
     uint ConcGCThreads                            = 3                                         {product} {ergonomic}
     uint G1ConcRefinementThreads                  = 10                                        {product} {ergonomic}
   size_t G1HeapRegionSize                         = 2097152                                   {product} {ergonomic}
   size_t InitialHeapSize                          = 257949696                                 {product} {ergonomic}
   size_t MarkStackSize                            = 4194304                                   {product} {ergonomic}
   size_t MarkStackSizeMax                         = 536870912                                 {product} {ergonomic}
   size_t MaxHeapSize                              = 4097835008                                {product} {ergonomic}
   size_t MaxNewSize                               = 2457862144                                {product} {ergonomic}
   size_t MinHeapDeltaBytes                        = 2097152                                   {product} {ergonomic}
   size_t MinHeapSize                              = 8388608                                   {product} {ergonomic}
    uintx NonNMethodCodeHeapSize                   = 5832704                                {pd product} {ergonomic}
    uintx NonProfiledCodeHeapSize                  = 122945536                              {pd product} {ergonomic}
    uintx ProfiledCodeHeapSize                     = 122880000                              {pd product} {ergonomic}
    uintx ReservedCodeCacheSize                    = 251658240                              {pd product} {ergonomic}
     bool SegmentedCodeCache                       = true                                      {product} {ergonomic}
   size_t SoftMaxHeapSize                          = 4097835008                             {manageable} {ergonomic}
     bool UseCompressedOops                        = true                           {product lp64_product} {ergonomic}
     bool UseG1GC                                  = true                                      {product} {ergonomic}
     bool UseLargePagesIndividualAllocation        = false                                  {pd product} {ergonomic}

Logging:
Log output configuration:
 #0: stdout all=warning uptime,level,tags foldmultilines=false
 #1: stderr all=off uptime,level,tags foldmultilines=false

Release file:
<release file has not been read>
Environment Variables:
PATH=C:/Program Files/Git/mingw64/libexec/git-core;C:/Program Files/Git/mingw64/libexec/git-core;C:\Program Files\Git\mingw64\bin;C:\Program Files\Git\usr\bin;C:\Users\HP\bin;C:\WINDOWS\system32;C:\WINDOWS;C:\WINDOWS\System32\Wbem;C:\WINDOWS\System32\WindowsPowerShell\v1.0\;C:\WINDOWS\System32\OpenSSH\;C:\Program Files\NVIDIA Corporation\NVIDIA App\NvDLISR;C:\Program Files (x86)\NVIDIA Corporation\PhysX\Common;C:\Program Files\dotnet\;C:\Program Files\Git\cmd;C:\Users\HP\AppData\Local\Programs\Python\Launcher\;C:\Users\HP\AppData\Local\Microsoft\WindowsApps;C:\Program Files\JetBrains\DataGrip 2026.1.2\bin
USERNAME=HP
DISPLAY=:0.0
LC_ALL=en_US.UTF-8
TERM=xterm-256color
TMPDIR=C:\Users\HP\AppData\Local\Temp
OS=Windows_NT
PROCESSOR_IDENTIFIER=AMD64 Family 25 Model 117 Stepping 2, AuthenticAMD
TMP=C:\Users\HP\AppData\Local\Temp
TEMP=C:\Users\HP\AppData\Local\Temp




Compilation memory statistics disabled.

Periodic native trim disabled

JNI global refs:
JNI global refs: 5, weak refs: 0

JNI global refs memory usage: 835, weak refs: 201

Process memory usage:
Resident Set Size: 34856K (0% of 16006572K total physical memory with 1464884K free physical memory)

OOME stack traces (most recent first):
Classloader memory used:
Loader bootstrap                                                                       : 4799 K

---------------  S Y S T E M  ---------------

OS:
 Windows 11 , 64 bit Build 26100 (10.0.26100.8246)
OS uptime: 2 days 4:52 hours
Hyper-V role detected

CPU: total 12 (initial active 12) (12 cores per cpu, 2 threads per core) family 25 model 117 stepping 2 microcode 0xa70520a, cx8, cmov, fxsr, ht, mmx, 3dnowpref, sse, sse2, sse3, ssse3, sse4a, sse4.1, sse4.2, popcnt, lzcnt, tsc, tscinvbit, avx, avx2, aes, erms, clmul, bmi1, bmi2, adx, avx512f, avx512dq, avx512cd, avx512bw, avx512vl, sha, fma, vzeroupper, avx512_vpopcntdq, avx512_vpclmulqdq, avx512_vaes, avx512_vnni, clflush, clflushopt, clwb, avx512_vbmi2, avx512_vbmi, hv, rdtscp, rdpid, fsrm, gfni, avx512_bitalg, f16c, cet_ss, avx512_ifma
Processor Information for the first 12 processors :
  Max Mhz: 4301, Current Mhz: 2483, Mhz Limit: 4301

Memory: 4k page, system-wide physical 15631M (1430M free)
TotalPageFile size 35755M (AvailPageFile size 6M)
current process WorkingSet (physical memory assigned to process): 34M, peak: 34M
current process commit charge ("private bytes"): 325M, peak: 327M

vm_info: OpenJDK 64-Bit Server VM (25.0.2+1-b329.117) for windows-amd64 JRE (25.0.2+1-b329.117), built on 2026-04-20 with MS VC++ 17.14 (VS2022)

END.
