#
# There is insufficient memory for the Java Runtime Environment to continue.
# Native memory allocation (mmap) failed to map 257949696 bytes. Error detail: G1 virtual space
# Possible reasons:
#   The system is out of physical RAM or swap space
#   This process is running with CompressedOops enabled, and the Java Heap may be blocking the growth of the native heap
# Possible solutions:
#   Reduce memory load on the system
#   Increase physical memory or swap space
#   Check if swap backing store is full
#   Decrease Java heap size (-Xmx/-Xms)
#   Decrease number of Java threads
#   Decrease Java thread stack sizes (-Xss)
#   Set larger code cache with -XX:ReservedCodeCacheSize=
#   JVM is running with Zero Based Compressed Oops mode in which the Java heap is
#     placed in the first 32GB address space. The Java Heap base address is the
#     maximum limit for the native heap growth. Please use -XX:HeapBaseMinAddress
#     to set the Java Heap base and to place the Java Heap above 32GB virtual address.
# This output file may be truncated or incomplete.
#
#  Out of Memory Error (os_windows.cpp:3766), pid=28764, tid=24528
#
# JRE version:  (25.0.2+1) (build )
# Java VM: OpenJDK 64-Bit Server VM (25.0.2+1-b329.117, mixed mode, sharing, tiered, compressed oops, compressed class ptrs, g1 gc, windows-amd64)
# No core dump will be written. Minidumps are not enabled by default on client versions of Windows
#

---------------  S U M M A R Y ------------

Command Line: git4idea.http.GitAskPassApp Username for 'https://github.com': 

Host: AMD Ryzen 5 8645HS w/ Radeon 760M Graphics, 12 cores, 15G,  Windows 11 , 64 bit Build 26100 (10.0.26100.8246)
Time: Sun May 10 23:40:54 2026 GMT Daylight Time elapsed time: 0.016885 seconds (0d 0h 0m 0s)

---------------  T H R E A D  ---------------

Current thread (0x000002290fcdf4b0):  JavaThread "Unknown thread" [_thread_in_vm, id=24528, stack(0x000000975a800000,0x000000975a900000) (1024K)]

Stack: [0x000000975a800000,0x000000975a900000]
Native frames: (J=compiled Java code, j=interpreted, Vv=VM code, C=native code)
V  [jvm.dll+0x7c0cc9]  (no source info available)
V  [jvm.dll+0x78a49d]  (no source info available)
V  [jvm.dll+0xa0e693]  (no source info available)
V  [jvm.dll+0xa10e8c]  (no source info available)
V  [jvm.dll+0xa11583]  (no source info available)
V  [jvm.dll+0x307b46]  (no source info available)
V  [jvm.dll+0x7bced5]  (no source info available)
V  [jvm.dll+0x7afe97]  (no source info available)
V  [jvm.dll+0x40159e]  (no source info available)
V  [jvm.dll+0x4093bb]  (no source info available)
V  [jvm.dll+0x3f5bf9]  (no source info available)
V  [jvm.dll+0x3f5eab]  (no source info available)
V  [jvm.dll+0x3cc053]  (no source info available)
V  [jvm.dll+0x3cccbe]  (no source info available)
V  [jvm.dll+0x9d4a07]  (no source info available)
V  [jvm.dll+0x466ce2]  (no source info available)
V  [jvm.dll+0x9b8139]  (no source info available)
V  [jvm.dll+0x508a01]  (no source info available)
V  [jvm.dll+0x50a371]  (no source info available)
C  [jli.dll+0x541a]  (no source info available)
C  [ucrtbase.dll+0x37b0]  (no source info available)
C  [KERNEL32.DLL+0x2e8d7]  (no source info available)
C  [ntdll.dll+0x8c3fc]  (no source info available)

Lock stack of current Java thread (top to bottom):


---------------  P R O C E S S  ---------------

Threads class SMR info:
_java_thread_list=0x00007ffa66f19108, length=0, elements={
}

Java Threads: ( => current thread )
Total: 0

Other Threads:
  0x0000022912125580 WorkerThread "GC Thread#0"                     [id=12496, stack(0x000000975a900000,0x000000975aa00000) (1024K)]
  0x000002291213e2c0 ConcurrentGCThread "G1 Main Marker"            [id=33636, stack(0x000000975aa00000,0x000000975ab00000) (1024K)]
  0x000002291213fab0 WorkerThread "G1 Conc#0"                       [id=18932, stack(0x000000975ab00000,0x000000975ac00000) (1024K)]

[error occurred during error reporting (printing all threads), id 0xc0000005, EXCEPTION_ACCESS_VIOLATION (0xc0000005) at pc=0x00007ffa66530caa]
VM state: not at safepoint (not fully initialized)

VM Mutex/Monitor currently owned by a thread:  ([mutex/lock_event])
[0x00007ffa66fa1d10] Heap_lock - owner thread: 0x000002290fcdf4b0

Heap address: 0x000000070bc00000, size: 3908 MB, Compressed Oops mode: Zero based, Oop shift amount: 3

CDS archive(s) mapped at: [0x0000000000000000-0x0000000000000000-0x0000000000000000), size 0, SharedBaseAddress: 0x0000000800000000, ArchiveRelocationMode: 1.
UseCompressedClassPointers 1, UseCompactObjectHeaders 0
Narrow klass pointer bits 32, Max shift 3
Narrow klass base: 0xffffffffffffffff, Narrow klass shift: -1
Encoding Range: [0xffffffffffffffff - 0x000000007fffffff), (2147483648 bytes)
Klass Range:    [0x0000000000000000 - 0x0000000000000000), (0 bytes)
Klass ID Range:  [4294967295 - 0) (1)
No protection zone.

GC Precious Log:
 CardTable entry size: 512
 Card Set container configuration: InlinePtr #cards 4 size 8 Array Of Cards #cards 16 size 48 Howl #buckets 8 coarsen threshold 3686 Howl Bitmap #cards 512 size 80 coarsen threshold 460 Card regions per heap region 1 cards per card region 4096

Heap:
 garbage-first heap   total reserved 4001792K, committed 0K, used 0K [0x000000070bc00000, 0x0000000800000000)
  region size 2048K, 0 young (0K), 0 survivors (0K)

Heap Regions: E=young(eden), S=young(survivor), O=old, HS=humongous(starts), HC=humongous(continues), CS=collection set, F=free, TAMS=top-at-mark-start, PB=parsable bottom

Card table byte_map: [0x00000229261c0000,0x0000022926970000] _byte_map_base: 0x0000022922962000

Marking Bits: (CMBitMap*) 0x0000022912126b20
 Bits: [0x0000022926970000, 0x000002292a680000)

GC Heap Usage History (0 events):
No events

Metaspace Usage History (0 events):
No events

Dll operation events (1 events):
Event: 0.011 Loaded shared library C:\Program Files\JetBrains\IntelliJ IDEA 2026.1.1\jbr\bin\java.dll

Deoptimization events (0 events):
No events

Classes loaded (0 events):
No events

Classes unloaded (0 events):
No events

Classes redefined (0 events):
No events

Internal exceptions (0 events):
No events

VM Operations (0 events):
No events

Memory protections (0 events):
No events

Nmethod flushes (0 events):
No events

Events (0 events):
No events


Dynamic libraries:
0x00007ff6ee3a0000 - 0x00007ff6ee3aa000 	C:\Program Files\JetBrains\IntelliJ IDEA 2026.1.1\jbr\bin\java.exe
0x00007ffafb520000 - 0x00007ffafb787000 	C:\WINDOWS\SYSTEM32\ntdll.dll
0x00007ffaf9ff0000 - 0x00007ffafa0b9000 	C:\WINDOWS\System32\KERNEL32.DLL
0x00007ffaf8100000 - 0x00007ffaf84f4000 	C:\WINDOWS\System32\KERNELBASE.dll
0x00007ffaf7fb0000 - 0x00007ffaf80fb000 	C:\WINDOWS\System32\ucrtbase.dll
0x00007ffaf3750000 - 0x00007ffaf376e000 	C:\Program Files\JetBrains\IntelliJ IDEA 2026.1.1\jbr\bin\VCRUNTIME140.dll
0x00007ffac6950000 - 0x00007ffac6967000 	C:\Program Files\JetBrains\IntelliJ IDEA 2026.1.1\jbr\bin\jli.dll
0x00007ffaf93a0000 - 0x00007ffaf9565000 	C:\WINDOWS\System32\USER32.dll
0x00007ffaf8500000 - 0x00007ffaf8527000 	C:\WINDOWS\System32\win32u.dll
0x00007ffaddbb0000 - 0x00007ffadde43000 	C:\WINDOWS\WinSxS\amd64_microsoft.windows.common-controls_6595b64144ccf1df_6.0.26100.8115_none_3e075c82e3354f9c\COMCTL32.dll
0x00007ffaf9dc0000 - 0x00007ffaf9deb000 	C:\WINDOWS\System32\GDI32.dll
0x00007ffafa280000 - 0x00007ffafa329000 	C:\WINDOWS\System32\msvcrt.dll
0x00007ffaf7df0000 - 0x00007ffaf7f1b000 	C:\WINDOWS\System32\gdi32full.dll
0x00007ffaf8530000 - 0x00007ffaf85d3000 	C:\WINDOWS\System32\msvcp_win.dll
0x00007ffafab50000 - 0x00007ffafab82000 	C:\WINDOWS\System32\IMM32.DLL
0x00007ffaf3a90000 - 0x00007ffaf3a9c000 	C:\Program Files\JetBrains\IntelliJ IDEA 2026.1.1\jbr\bin\vcruntime140_1.dll
0x00007ffae82e0000 - 0x00007ffae8369000 	C:\Program Files\JetBrains\IntelliJ IDEA 2026.1.1\jbr\bin\msvcp140.dll
0x00007ffa66150000 - 0x00007ffa670a2000 	C:\Program Files\JetBrains\IntelliJ IDEA 2026.1.1\jbr\bin\server\jvm.dll
0x00007ffafa1c0000 - 0x00007ffafa276000 	C:\WINDOWS\System32\ADVAPI32.dll
0x00007ffaf9ad0000 - 0x00007ffaf9b77000 	C:\WINDOWS\System32\sechost.dll
0x00007ffaf9ca0000 - 0x00007ffaf9db8000 	C:\WINDOWS\System32\RPCRT4.dll
0x00007ffafaac0000 - 0x00007ffafab40000 	C:\WINDOWS\System32\WS2_32.dll
0x00007ffaf69b0000 - 0x00007ffaf6a0e000 	C:\WINDOWS\SYSTEM32\POWRPROF.dll
0x00007ffaec480000 - 0x00007ffaec4b6000 	C:\WINDOWS\SYSTEM32\WINMM.dll
0x00007ffaec4e0000 - 0x00007ffaec4eb000 	C:\WINDOWS\SYSTEM32\VERSION.dll
0x00007ffaf6990000 - 0x00007ffaf69a4000 	C:\WINDOWS\SYSTEM32\UMPDC.dll
0x00007ffaf6c60000 - 0x00007ffaf6c7b000 	C:\WINDOWS\SYSTEM32\kernel.appcore.dll
0x00007ffaf39b0000 - 0x00007ffaf39ba000 	C:\Program Files\JetBrains\IntelliJ IDEA 2026.1.1\jbr\bin\jimage.dll
0x00007ffaead20000 - 0x00007ffaeaf62000 	C:\WINDOWS\SYSTEM32\DBGHELP.DLL
0x00007ffaf9570000 - 0x00007ffaf98f2000 	C:\WINDOWS\System32\combase.dll
0x00007ffafa330000 - 0x00007ffafa408000 	C:\WINDOWS\System32\OLEAUT32.dll
0x00007ffad3a20000 - 0x00007ffad3a5b000 	C:\WINDOWS\SYSTEM32\dbgcore.DLL
0x00007ffaf8820000 - 0x00007ffaf88c5000 	C:\WINDOWS\System32\bcryptPrimitives.dll
0x00007ffaf33c0000 - 0x00007ffaf33df000 	C:\Program Files\JetBrains\IntelliJ IDEA 2026.1.1\jbr\bin\java.dll
0x00007ffaf9900000 - 0x00007ffaf9a97000 	C:\WINDOWS\System32\ole32.dll
0x00007ffafad70000 - 0x00007ffafb4d7000 	C:\WINDOWS\System32\SHELL32.dll
0x00007ffaf88d0000 - 0x00007ffaf8a3a000 	C:\WINDOWS\System32\wintypes.dll

JVMTI agents: none

dbghelp: loaded successfully - version: 4.0.5 - missing functions: none
symbol engine: initialized successfully - sym options: 0x614 - pdb path: .;C:\Program Files\JetBrains\IntelliJ IDEA 2026.1.1\jbr\bin;C:\WINDOWS\SYSTEM32;C:\WINDOWS\WinSxS\amd64_microsoft.windows.common-controls_6595b64144ccf1df_6.0.26100.8115_none_3e075c82e3354f9c;C:\Program Files\JetBrains\IntelliJ IDEA 2026.1.1\jbr\bin\server

VM Arguments:
java_command: git4idea.http.GitAskPassApp Username for 'https://github.com': 
java_class_path (initial): C:/Program Files/JetBrains/IntelliJ IDEA 2026.1.1/plugins/vcs-git/lib/git4idea-rt.jar;C:/Program Files/JetBrains/IntelliJ IDEA 2026.1.1/lib/externalProcess-rt.jar
Launcher Type: SUN_STANDARD

[Global flags]
     intx CICompilerCount                          = 4                                         {product} {ergonomic}
     uint ConcGCThreads                            = 3                                         {product} {ergonomic}
     uint G1ConcRefinementThreads                  = 10                                        {product} {ergonomic}
   size_t G1HeapRegionSize                         = 2097152                                   {product} {ergonomic}
   size_t InitialHeapSize                          = 257949696                                 {product} {ergonomic}
   size_t MarkStackSize                            = 4194304                                   {product} {ergonomic}
   size_t MarkStackSizeMax                         = 536870912                                 {product} {ergonomic}
   size_t MaxHeapSize                              = 4097835008                                {product} {ergonomic}
   size_t MinHeapDeltaBytes                        = 2097152                                   {product} {ergonomic}
   size_t MinHeapSize                              = 8388608                                   {product} {ergonomic}
    uintx NonNMethodCodeHeapSize                   = 5832704                                {pd product} {ergonomic}
    uintx NonProfiledCodeHeapSize                  = 122945536                              {pd product} {ergonomic}
    uintx ProfiledCodeHeapSize                     = 122880000                              {pd product} {ergonomic}
    uintx ReservedCodeCacheSize                    = 251658240                              {pd product} {ergonomic}
     bool SegmentedCodeCache                       = true                                      {product} {ergonomic}
   size_t SoftMaxHeapSize                          = 4097835008                             {manageable} {ergonomic}
     bool UseCompressedOops                        = true                           {product lp64_product} {ergonomic}
     bool UseG1GC                                  = true                                      {product} {ergonomic}
     bool UseLargePagesIndividualAllocation        = false                                  {pd product} {ergonomic}

Logging:
Log output configuration:
 #0: stdout all=warning uptime,level,tags foldmultilines=false
 #1: stderr all=off uptime,level,tags foldmultilines=false

Release file:
<release file has not been read>
Environment Variables:
PATH=C:/Program Files/Git/mingw64/libexec/git-core;C:/Program Files/Git/mingw64/libexec/git-core;C:\Program Files\Git\mingw64\bin;C:\Program Files\Git\usr\bin;C:\Users\HP\bin;C:\WINDOWS\system32;C:\WINDOWS;C:\WINDOWS\System32\Wbem;C:\WINDOWS\System32\WindowsPowerShell\v1.0\;C:\WINDOWS\System32\OpenSSH\;C:\Program Files\NVIDIA Corporation\NVIDIA App\NvDLISR;C:\Program Files (x86)\NVIDIA Corporation\PhysX\Common;C:\Program Files\dotnet\;C:\Program Files\Git\cmd;C:\Users\HP\AppData\Local\Programs\Python\Launcher\;C:\Users\HP\AppData\Local\Microsoft\WindowsApps;C:\Program Files\JetBrains\DataGrip 2026.1.2\bin
USERNAME=HP
DISPLAY=:0.0
LC_ALL=en_US.UTF-8
TERM=xterm-256color
TMPDIR=C:\Users\HP\AppData\Local\Temp
OS=Windows_NT
PROCESSOR_IDENTIFIER=AMD64 Family 25 Model 117 Stepping 2, AuthenticAMD
TMP=C:\Users\HP\AppData\Local\Temp
TEMP=C:\Users\HP\AppData\Local\Temp




Compilation memory statistics disabled.

Periodic native trim disabled

JNI global refs:
JNI global refs: 0, weak refs: 0

JNI global refs memory usage: 0, weak refs: 0

Process memory usage:
Resident Set Size: 14408K (0% of 16006572K total physical memory with 2832888K free physical memory)

OOME stack traces (most recent first):
Classloader memory used:

---------------  S Y S T E M  ---------------

OS:
 Windows 11 , 64 bit Build 26100 (10.0.26100.8246)
OS uptime: 2 days 4:53 hours
Hyper-V role detected

CPU: total 12 (initial active 12) (12 cores per cpu, 2 threads per core) family 25 model 117 stepping 2 microcode 0xa70520a, cx8, cmov, fxsr, ht, mmx, 3dnowpref, sse, sse2, sse3, ssse3, sse4a, sse4.1, sse4.2, popcnt, lzcnt, tsc, tscinvbit, avx, avx2, aes, erms, clmul, bmi1, bmi2, adx, avx512f, avx512dq, avx512cd, avx512bw, avx512vl, sha, fma, vzeroupper, avx512_vpopcntdq, avx512_vpclmulqdq, avx512_vaes, avx512_vnni, clflush, clflushopt, clwb, avx512_vbmi2, avx512_vbmi, hv, rdtscp, rdpid, fsrm, gfni, avx512_bitalg, f16c, cet_ss, avx512_ifma
Processor Information for the first 12 processors :
  Max Mhz: 4301, Current Mhz: 2483, Mhz Limit: 4301

Memory: 4k page, system-wide physical 15631M (2766M free)
TotalPageFile size 35755M (AvailPageFile size 102M)
current process WorkingSet (physical memory assigned to process): 14M, peak: 14M
current process commit charge ("private bytes"): 65M, peak: 310M

vm_info: OpenJDK 64-Bit Server VM (25.0.2+1-b329.117) for windows-amd64 JRE (25.0.2+1-b329.117), built on 2026-04-20 with MS VC++ 17.14 (VS2022)

END.
